2023-01-03 19:02:52,846 - API Server - INFO - >> Service start >>>>>>>>>>>>>>>>>>>>>>>>>>>>>>>>>>>>
2023-01-03 19:02:52,847 - API Server - INFO - >> query args: {'question': '我的花呗怎么还钱'}
2023-01-03 19:02:53,601 - API Server - INFO - >> response args: {'status': 200, 'answer': [{'question': '怎么用微信还钱', 'answer': '花呗还款能不能用微信', 'question_token': '怎么 用 微信 还 钱'}, {'question': '怎么用微信还钱', 'answer': '花呗还款能不能用微信', 'question_token': '怎么 用 微信 还 钱'}, {'question': '怎么用微信还钱', 'answer': '花呗还款能不能用微信', 'question_token': '怎么 用 微信 还 钱'}]}
2023-01-03 19:02:53,601 - API Server - INFO - >> response time: 0.7547268867492676 sec
2023-01-03 19:02:53,601 - API Server - INFO - >> Service end >> >>>>>>>>>>>>>>>>>>>>>>>>>>>>>>>>>>
2023-01-03 19:04:25,012 - API Server - INFO - >> Service start >>>>>>>>>>>>>>>>>>>>>>>>>>>>>>>>>>>>
2023-01-03 19:04:25,013 - API Server - INFO - >> query args: {'question': '我的花呗怎么还钱'}
2023-01-03 19:04:25,740 - API Server - INFO - >> response args: {'status': 200, 'answer': [{'question': '怎么用微信还钱', 'answer': '花呗还款能不能用微信', 'question_token': '怎么 用 微信 还 钱'}, {'question': '怎么用微信还钱', 'answer': '花呗还款能不能用微信', 'question_token': '怎么 用 微信 还 钱'}, {'question': '怎么用微信还钱', 'answer': '花呗还款能不能用微信', 'question_token': '怎么 用 微信 还 钱'}]}
2023-01-03 19:04:25,740 - API Server - INFO - >> response time: 0.7266340255737305 sec
2023-01-03 19:04:25,740 - API Server - INFO - >> Service end >> >>>>>>>>>>>>>>>>>>>>>>>>>>>>>>>>>>
2023-01-03 19:18:51,584 - API Server - INFO - >> Service start >>>>>>>>>>>>>>>>>>>>>>>>>>>>>>>>>>>>
2023-01-03 19:18:51,586 - API Server - INFO - >> query args: {'question': '我的花呗怎么还钱'}
2023-01-03 19:19:40,713 - API Server - INFO - >> Service start >>>>>>>>>>>>>>>>>>>>>>>>>>>>>>>>>>>>
2023-01-03 19:19:40,715 - API Server - INFO - >> query args: {'question': '我的花呗怎么还钱'}
2023-01-03 19:22:56,331 - API Server - INFO - >> Service start >>>>>>>>>>>>>>>>>>>>>>>>>>>>>>>>>>>>
2023-01-03 19:22:56,332 - API Server - INFO - >> query args: {'question': '我的花呗怎么还钱'}
2023-01-03 19:34:10,512 - API Server - INFO - >> Service start >>>>>>>>>>>>>>>>>>>>>>>>>>>>>>>>>>>>
2023-01-03 19:34:10,513 - API Server - INFO - >> query args: {'question': '我的花呗怎么还钱'}
2023-01-03 19:35:33,457 - API Server - INFO - >> Service start >>>>>>>>>>>>>>>>>>>>>>>>>>>>>>>>>>>>
2023-01-03 19:35:33,457 - API Server - INFO - >> query args: {'question': '我的花呗怎么还钱'}
2023-01-03 19:36:04,652 - API Server - INFO - >> Service start >>>>>>>>>>>>>>>>>>>>>>>>>>>>>>>>>>>>
2023-01-03 19:36:04,653 - API Server - INFO - >> query args: {'question': '我的花呗怎么还钱'}
2023-01-03 19:36:33,038 - API Server - INFO - >> Service start >>>>>>>>>>>>>>>>>>>>>>>>>>>>>>>>>>>>
2023-01-03 19:36:33,039 - API Server - INFO - >> query args: {'question': '我的花呗怎么还钱'}
2023-01-03 19:37:01,391 - API Server - INFO - >> Service start >>>>>>>>>>>>>>>>>>>>>>>>>>>>>>>>>>>>
2023-01-03 19:37:01,392 - API Server - INFO - >> query args: {'question': '我的花呗怎么还钱'}
2023-01-03 19:37:36,276 - API Server - INFO - >> Service start >>>>>>>>>>>>>>>>>>>>>>>>>>>>>>>>>>>>
2023-01-03 19:37:36,276 - API Server - INFO - >> query args: {'question': '我的花呗怎么还钱'}
2023-01-03 19:37:42,625 - API Server - INFO - >> response args: {'status': 200, 'answer': [{'question': '怎么用微信还钱', 'answer': '花呗还款能不能用微信', 'question_token': '怎么 用 微信 还 钱'}, {'question': '怎么用微信还钱', 'answer': '花呗还款能不能用微信', 'question_token': '怎么 用 微信 还 钱'}, {'question': '怎么用微信还钱', 'answer': '花呗还款能不能用微信', 'question_token': '怎么 用 微信 还 钱'}]}
2023-01-03 19:37:42,625 - API Server - INFO - >> response time: 6.348268032073975 sec
2023-01-03 19:37:42,626 - API Server - INFO - >> Service end >> >>>>>>>>>>>>>>>>>>>>>>>>>>>>>>>>>>
2023-01-04 09:41:39,831 - API Server - INFO - >> Service start >>>>>>>>>>>>>>>>>>>>>>>>>>>>>>>>>>>>
2023-01-04 09:41:39,834 - API Server - INFO - >> query args: {'question': '我的花呗怎么还钱'}
2023-01-04 09:44:19,911 - API Server - INFO - >> Service start >>>>>>>>>>>>>>>>>>>>>>>>>>>>>>>>>>>>
2023-01-04 09:44:19,912 - API Server - INFO - >> query args: {'question': '我的花呗怎么还钱'}
2023-01-04 09:45:04,589 - API Server - INFO - >> Service start >>>>>>>>>>>>>>>>>>>>>>>>>>>>>>>>>>>>
2023-01-04 09:45:04,590 - API Server - INFO - >> query args: {'question': '我的花呗怎么还钱'}
2023-01-04 09:45:05,423 - API Server - INFO - >> response args: {'status': 200, 'answer': [{'question': '怎么用微信还钱', 'answer': '花呗还款能不能用微信', 'question_token': '怎么 用 微信 还 钱'}, {'question': '花吧怎么还钱', 'answer': '蚂蚁花呗这个还款怎么还', 'question_token': '花 吧 怎么 还 钱'}, {'question': '还钱还钱怎么还钱花呗里面的钱怎么还', 'answer': '之前的花呗怎么还', 'question_token': '还 钱 还 钱 怎么 还 钱 花 呗 里面 的 钱 怎么 还'}]}
2023-01-04 09:45:05,424 - API Server - INFO - >> response time: 0.8331429958343506 sec
2023-01-04 09:45:05,424 - API Server - INFO - >> Service end >> >>>>>>>>>>>>>>>>>>>>>>>>>>>>>>>>>>
2023-01-04 11:17:39,495 - API Server - INFO - >> Service start >>>>>>>>>>>>>>>>>>>>>>>>>>>>>>>>>>>>
2023-01-04 11:17:39,496 - API Server - INFO - >> query args: {'question': '我的花呗怎么还钱'}
2023-01-04 11:17:40,265 - API Server - INFO - >> response args: {'status': 200, 'answer': [{'question': '怎么用微信还钱', 'answer': '花呗还款能不能用微信'}, {'question': '花吧怎么还钱', 'answer': '蚂蚁花呗这个还款怎么还'}, {'question': '还钱还钱怎么还钱花呗里面的钱怎么还', 'answer': '之前的花呗怎么还'}]}
2023-01-04 11:17:40,265 - API Server - INFO - >> response time: 0.7688338756561279 sec
2023-01-04 11:17:40,265 - API Server - INFO - >> Service end >> >>>>>>>>>>>>>>>>>>>>>>>>>>>>>>>>>>
2023-01-04 11:17:51,763 - API Server - INFO - >> Service start >>>>>>>>>>>>>>>>>>>>>>>>>>>>>>>>>>>>
2023-01-04 11:18:17,969 - API Server - INFO - >> Service start >>>>>>>>>>>>>>>>>>>>>>>>>>>>>>>>>>>>
2023-01-04 11:18:17,969 - API Server - INFO - >> query args: {'question': '我的花呗怎么还钱', 'q': 1}
2023-01-04 11:18:18,098 - API Server - INFO - >> response args: {'status': 200, 'answer': [{'question': '怎么用微信还钱', 'answer': '花呗还款能不能用微信'}, {'question': '花吧怎么还钱', 'answer': '蚂蚁花呗这个还款怎么还'}, {'question': '还钱还钱怎么还钱花呗里面的钱怎么还', 'answer': '之前的花呗怎么还'}]}
2023-01-04 11:18:18,103 - API Server - INFO - >> response time: 0.1286458969116211 sec
2023-01-04 11:18:18,103 - API Server - INFO - >> Service end >> >>>>>>>>>>>>>>>>>>>>>>>>>>>>>>>>>>
2023-01-04 11:18:23,001 - API Server - INFO - >> Service start >>>>>>>>>>>>>>>>>>>>>>>>>>>>>>>>>>>>
2023-01-04 11:18:23,001 - API Server - INFO - >> query args: {'question': '我的花呗怎么还钱'}
2023-01-04 11:18:23,150 - API Server - INFO - >> response args: {'status': 200, 'answer': [{'question': '怎么用微信还钱', 'answer': '花呗还款能不能用微信'}, {'question': '花吧怎么还钱', 'answer': '蚂蚁花呗这个还款怎么还'}, {'question': '还钱还钱怎么还钱花呗里面的钱怎么还', 'answer': '之前的花呗怎么还'}]}
2023-01-04 11:18:23,150 - API Server - INFO - >> response time: 0.1488020420074463 sec
2023-01-04 11:18:23,150 - API Server - INFO - >> Service end >> >>>>>>>>>>>>>>>>>>>>>>>>>>>>>>>>>>
2023-01-04 11:26:42,018 - API Server - INFO - 
>> Service start >>>>>>>>>>>>>>>>>>>>>>>>>>>>>>>>>>>>
2023-01-04 11:26:42,019 - API Server - INFO - >> query args: {'question': '我的花呗怎么还钱'}
2023-01-04 11:26:42,635 - FAQ - INFO - token: ['我', '的', '花', '呗', '怎么', '还', '钱']
2023-01-04 11:26:42,735 - FAQ - INFO - recall corpus num: 515
2023-01-04 11:26:42,739 - FAQ - INFO - rank top10:
2023-01-04 11:26:42,739 - FAQ - INFO -      - question: 怎么用微信还钱
2023-01-04 11:26:42,739 - FAQ - INFO -      - answer:   花呗还款能不能用微信
2023-01-04 11:26:42,739 - FAQ - INFO -      - question: 花吧怎么还钱
2023-01-04 11:26:42,739 - FAQ - INFO -      - answer:   蚂蚁花呗这个还款怎么还
2023-01-04 11:26:42,739 - FAQ - INFO -      - question: 还钱还钱怎么还钱花呗里面的钱怎么还
2023-01-04 11:26:42,739 - FAQ - INFO -      - answer:   之前的花呗怎么还
2023-01-04 11:26:42,740 - FAQ - INFO -      - question: 我的钱退回花呗了怎么要还的钱，还没有少
2023-01-04 11:26:42,740 - FAQ - INFO -      - answer:   我的是花呗，也退回来花呗可是还是还的辣么多钱
2023-01-04 11:26:42,740 - FAQ - INFO -      - question: 怎么捡贝壳
2023-01-04 11:26:42,740 - FAQ - INFO -      - answer:   蚂蚁借呗贝壳
2023-01-04 11:26:42,740 - FAQ - INFO -      - question: 网商贷怎么取消
2023-01-04 11:26:42,740 - FAQ - INFO -      - answer:   我不要网商贷
2023-01-04 11:26:42,740 - FAQ - INFO -      - question: 怎么取消网商贷
2023-01-04 11:26:42,740 - FAQ - INFO -      - answer:   关闭网商贷
2023-01-04 11:26:42,740 - FAQ - INFO -      - question: 捡了贝壳怎么用
2023-01-04 11:26:42,740 - FAQ - INFO -      - answer:   我的呗壳怎么使用
2023-01-04 11:26:42,740 - FAQ - INFO -      - question: 我想，我什么时候使用的花吧
2023-01-04 11:26:42,740 - FAQ - INFO -      - answer:   我什么时候用花呗借钱了
2023-01-04 11:26:42,741 - FAQ - INFO -      - question: 就是怎么还款，我可花呗里头花的钱怎么还怎么还款
2023-01-04 11:26:42,741 - FAQ - INFO -      - answer:   花呗贷款怎么还款的
2023-01-04 11:26:42,741 - API Server - INFO - >> response args: {'status': 200, 'answer': [{'question': '怎么用微信还钱', 'answer': '花呗还款能不能用微信'}, {'question': '花吧怎么还钱', 'answer': '蚂蚁花呗这个还款怎么还'}, {'question': '还钱还钱怎么还钱花呗里面的钱怎么还', 'answer': '之前的花呗怎么还'}]}
2023-01-04 11:26:42,742 - API Server - INFO - >> response time: 0.7222747802734375 sec
2023-01-04 11:26:42,742 - API Server - INFO - >> Service end >> >>>>>>>>>>>>>>>>>>>>>>>>>>>>>>>>>>
2023-01-04 11:32:00,540 - API Server - INFO - 
>> Service start >>>>>>>>>>>>>>>>>>>>>>>>>>>>>>>>>>>>
2023-01-04 11:32:00,540 - API Server - INFO - >> query args: {'question': '我的花呗怎么还钱'}
2023-01-04 11:32:01,160 - FAQ - INFO - token: ['我', '的', '花', '呗', '怎么', '还', '钱']
2023-01-04 11:32:01,265 - FAQ - INFO - recall corpus num: 515
2023-01-04 11:32:01,270 - FAQ - INFO - rank top10:
2023-01-04 11:32:01,270 - FAQ - INFO -      - question: 怎么用微信还钱  answer: 花呗还款能不能用微信
2023-01-04 11:32:01,270 - FAQ - INFO -      - question: 花吧怎么还钱  answer: 蚂蚁花呗这个还款怎么还
2023-01-04 11:32:01,270 - FAQ - INFO -      - question: 还钱还钱怎么还钱花呗里面的钱怎么还  answer: 之前的花呗怎么还
2023-01-04 11:32:01,270 - FAQ - INFO -      - question: 我的钱退回花呗了怎么要还的钱，还没有少  answer: 我的是花呗，也退回来花呗可是还是还的辣么多钱
2023-01-04 11:32:01,270 - FAQ - INFO -      - question: 怎么捡贝壳  answer: 蚂蚁借呗贝壳
2023-01-04 11:32:01,270 - FAQ - INFO -      - question: 网商贷怎么取消  answer: 我不要网商贷
2023-01-04 11:32:01,270 - FAQ - INFO -      - question: 怎么取消网商贷  answer: 关闭网商贷
2023-01-04 11:32:01,270 - FAQ - INFO -      - question: 捡了贝壳怎么用  answer: 我的呗壳怎么使用
2023-01-04 11:32:01,270 - FAQ - INFO -      - question: 我想，我什么时候使用的花吧  answer: 我什么时候用花呗借钱了
2023-01-04 11:32:01,270 - FAQ - INFO -      - question: 就是怎么还款，我可花呗里头花的钱怎么还怎么还款  answer: 花呗贷款怎么还款的
2023-01-04 11:32:01,271 - API Server - INFO - >> response args: {'status': 200, 'answer': [{'question': '怎么用微信还钱', 'answer': '花呗还款能不能用微信'}, {'question': '花吧怎么还钱', 'answer': '蚂蚁花呗这个还款怎么还'}, {'question': '还钱还钱怎么还钱花呗里面的钱怎么还', 'answer': '之前的花呗怎么还'}]}
2023-01-04 11:32:01,272 - API Server - INFO - >> response time: 0.7312150001525879 sec
2023-01-04 11:32:01,272 - API Server - INFO - >> Service end >> >>>>>>>>>>>>>>>>>>>>>>>>>>>>>>>>>>
2023-01-04 16:08:34,747 - API Server - INFO - >>>>>>>>>>>>>>>>>>>>>>>>>>>>>>>>>> Service start >>>>>>>>>>>>>>>>>>>>>>>>>>>>>>>>>>>>
2023-01-04 16:08:34,750 - API Server - INFO - >> query args: {'question': '我的花呗怎么还钱'}
2023-01-04 16:08:35,462 - FAQ - INFO - token: ['我', '的', '花', '呗', '怎么', '还', '钱']
2023-01-04 16:08:35,636 - FAQ - INFO - recall corpus num: 515
2023-01-04 16:08:40,873 - FAQ - INFO - rank top10:
2023-01-04 16:08:40,873 - FAQ - INFO -      - question:我想还花呗的钱  - answer:现在就想把花呗还了
2023-01-04 16:08:40,873 - FAQ - INFO -      - question:我的花呗的额度是多少  - answer:花呗额度一般会有多少
2023-01-04 16:08:40,873 - FAQ - INFO -      - question:我们查我的花呗账单  - answer:后面几个月的花呗账单怎么查询
2023-01-04 16:08:40,873 - FAQ - INFO -      - question:我的花呗咋给我停了  - answer:我的花呗冻结了要怎么解冻
2023-01-04 16:08:40,874 - FAQ - INFO -      - question:我的花呗还可以给我开通吗  - answer:我还能申请花呗吗
2023-01-04 16:08:40,874 - FAQ - INFO -      - question:我说我的花呗什么时候灰复  - answer:花呗还钱进去，什么时候才能再用花呗
2023-01-04 16:08:40,874 - FAQ - INFO -      - question:我的蚂蚁花呗的额度是多少  - answer:一般花呗给多大额度
2023-01-04 16:08:40,874 - FAQ - INFO -      - question:我可以解冻我的花呗吗  - answer:有什么办法可以解除花呗冻结的
2023-01-04 16:08:40,874 - FAQ - INFO -      - question:我的蚂蚁花呗为什么是负的  - answer:蚂蚁花呗可用额度负数怎么回事
2023-01-04 16:08:40,874 - FAQ - INFO -      - question:这是花呗，我说的是借呗  - answer:不是花呗、是借呗
2023-01-04 16:08:40,875 - API Server - INFO - >> response args: {'status': 200, 'answer': [{'question': '我想还花呗的钱', 'answer': '现在就想把花呗还了'}, {'question': '我的花呗的额度是多少', 'answer': '花呗额度一般会有多少'}, {'question': '我们查我的花呗账单', 'answer': '后面几个月的花呗账单怎么查询'}]}
2023-01-04 16:08:40,876 - API Server - INFO - >> response time: 6.127219915390015 sec
2023-01-04 16:08:40,876 - API Server - INFO - >>>>>>>>>>>>>>>>>>>>>>>>>>>>>>>>>> Service end >>>>>>>>>>>>>>>>>>>>>>>>>>>>>>>>>>

2023-01-04 17:31:25,152 - API Server - INFO - >>>>>>>>>>>>>>>>>>>>>>>>>>>>>>>>>> Service start >>>>>>>>>>>>>>>>>>>>>>>>>>>>>>>>>>>>
2023-01-04 17:31:25,154 - API Server - INFO - >> query args: {'question': '我的花呗怎么还钱'}
2023-01-04 17:34:25,234 - API Server - INFO - >>>>>>>>>>>>>>>>>>>>>>>>>>>>>>>>>> Service start >>>>>>>>>>>>>>>>>>>>>>>>>>>>>>>>>>>>
2023-01-04 17:34:25,236 - API Server - INFO - >> query args: {'question': '我的花呗怎么还钱'}
2023-01-04 17:34:25,906 - FAQ - INFO - token: ['我', '的', '花', '呗', '怎么', '还', '钱']
2023-01-04 17:34:26,021 - FAQ - INFO - recall corpus num: 515
2023-01-04 17:34:26,054 - FAQ - INFO - rank top10:
2023-01-04 17:34:26,054 - FAQ - INFO -      - question:花呗怎么还款  - answer:我的花呗不知道咋还款的
2023-01-04 17:34:26,054 - FAQ - INFO -      - question:花呗怎么还呐  - answer:在淘宝用花呗支付的，怎么还款
2023-01-04 17:34:26,054 - FAQ - INFO -      - question:月底花呗怎么还  - answer:怎么样用花呗还款
2023-01-04 17:34:26,058 - API Server - INFO - >> response args: {'status': 200, 'answer': [{'question': '花呗怎么还款', 'answer': '我的花呗不知道咋还款的'}, {'question': '花呗怎么还呐', 'answer': '在淘宝用花呗支付的，怎么还款'}, {'question': '月底花呗怎么还', 'answer': '怎么样用花呗还款'}]}
2023-01-04 17:34:26,058 - API Server - INFO - >> response time: 0.8219656944274902 sec
2023-01-04 17:34:26,059 - API Server - INFO - >>>>>>>>>>>>>>>>>>>>>>>>>>>>>>>>>> Service end >>>>>>>>>>>>>>>>>>>>>>>>>>>>>>>>>>

2023-01-04 17:34:39,864 - API Server - INFO - >>>>>>>>>>>>>>>>>>>>>>>>>>>>>>>>>> Service start >>>>>>>>>>>>>>>>>>>>>>>>>>>>>>>>>>>>
2023-01-04 17:34:39,864 - API Server - INFO - >> query args: {'question': '我的花呗怎么还钱', 'size': 20}
2023-01-04 17:34:39,865 - FAQ - INFO - token: ['我', '的', '花', '呗', '怎么', '还', '钱']
2023-01-04 17:34:39,969 - FAQ - INFO - recall corpus num: 515
2023-01-04 17:34:40,013 - FAQ - INFO - rank top10:
2023-01-04 17:34:40,013 - FAQ - INFO -      - question:花呗怎么还款  - answer:我的花呗不知道咋还款的
2023-01-04 17:34:40,013 - FAQ - INFO -      - question:花呗怎么还呐  - answer:在淘宝用花呗支付的，怎么还款
2023-01-04 17:34:40,013 - FAQ - INFO -      - question:月底花呗怎么还  - answer:怎么样用花呗还款
2023-01-04 17:34:40,014 - FAQ - INFO -      - question:我的花呗怎么没有的  - answer:我的账号花呗怎么没有
2023-01-04 17:34:40,014 - FAQ - INFO -      - question:我我的花呗怎么用不了  - answer:我这花呗都好久了怎么还不能用
2023-01-04 17:34:40,014 - FAQ - INFO -      - question:借呗花呗怎么还款  - answer:拼多多用的花呗怎么还款
2023-01-04 17:34:40,014 - FAQ - INFO -      - question:花吧怎么还钱  - answer:蚂蚁花呗这个还款怎么还
2023-01-04 17:34:40,015 - FAQ - INFO -      - question:花呗怎么退款  - answer:花呗如何退货退款
2023-01-04 17:34:40,015 - FAQ - INFO -      - question:花呗怎么解卡  - answer:解绑蚂蚁花呗的银行卡怎么解绑
2023-01-04 17:34:40,016 - FAQ - INFO -      - question:我的花呗怎么不好收钱的  - answer:我手机的收钱码不可以花呗收钱
2023-01-04 17:34:40,016 - FAQ - INFO -      - question:怎么我的花呗怎么用不了  - answer:你的，为什么我的花呗不能用，求解
2023-01-04 17:34:40,017 - FAQ - INFO -      - question:我的花呗怎么不能交花费了  - answer:为啥我花呗不能交手机费
2023-01-04 17:34:40,017 - FAQ - INFO -      - question:花呗怎么样开通  - answer:我的账户如何开通花呗
2023-01-04 17:34:40,018 - FAQ - INFO -      - question:花呗怎么让代付  - answer:每月花呗应付款里的金额怎么找人代付
2023-01-04 17:34:40,018 - FAQ - INFO -      - question:花呗怎么不能扫  - answer:不是我的这个淘宝，花呗扫描扫不起怎么回事
2023-01-04 17:34:40,018 - FAQ - INFO -      - question:花呗怎么计息的  - answer:花呗***%费率 怎么计算
2023-01-04 17:34:40,019 - FAQ - INFO -      - question:不用花呗怎么退  - answer:我的蚂蚁花呗怎么关掉
2023-01-04 17:34:40,019 - FAQ - INFO -      - question:花呗怎么用不起  - answer:为什么我还是用不了花呗
2023-01-04 17:34:40,020 - FAQ - INFO -      - question:花呗怎么算还款  - answer:花呗***号还怎么算
2023-01-04 17:34:40,020 - FAQ - INFO -      - question:花呗怎么被冻了  - answer:花呗账户冻结
2023-01-04 17:34:40,023 - API Server - INFO - >> response args: {'status': 200, 'answer': [{'question': '花呗怎么还款', 'answer': '我的花呗不知道咋还款的'}, {'question': '花呗怎么还呐', 'answer': '在淘宝用花呗支付的，怎么还款'}, {'question': '月底花呗怎么还', 'answer': '怎么样用花呗还款'}, {'question': '我的花呗怎么没有的', 'answer': '我的账号花呗怎么没有'}, {'question': '我我的花呗怎么用不了', 'answer': '我这花呗都好久了怎么还不能用'}, {'question': '借呗花呗怎么还款', 'answer': '拼多多用的花呗怎么还款'}, {'question': '花吧怎么还钱', 'answer': '蚂蚁花呗这个还款怎么还'}, {'question': '花呗怎么退款', 'answer': '花呗如何退货退款'}, {'question': '花呗怎么解卡', 'answer': '解绑蚂蚁花呗的银行卡怎么解绑'}, {'question': '我的花呗怎么不好收钱的', 'answer': '我手机的收钱码不可以花呗收钱'}, {'question': '怎么我的花呗怎么用不了', 'answer': '你的，为什么我的花呗不能用，求解'}, {'question': '我的花呗怎么不能交花费了', 'answer': '为啥我花呗不能交手机费'}, {'question': '花呗怎么样开通', 'answer': '我的账户如何开通花呗'}, {'question': '花呗怎么让代付', 'answer': '每月花呗应付款里的金额怎么找人代付'}, {'question': '花呗怎么不能扫', 'answer': '不是我的这个淘宝，花呗扫描扫不起怎么回事'}, {'question': '花呗怎么计息的', 'answer': '花呗***%费率 怎么计算'}, {'question': '不用花呗怎么退', 'answer': '我的蚂蚁花呗怎么关掉'}, {'question': '花呗怎么用不起', 'answer': '为什么我还是用不了花呗'}, {'question': '花呗怎么算还款', 'answer': '花呗***号还怎么算'}, {'question': '花呗怎么被冻了', 'answer': '花呗账户冻结'}]}
2023-01-04 17:34:40,023 - API Server - INFO - >> response time: 0.15803098678588867 sec
2023-01-04 17:34:40,024 - API Server - INFO - >>>>>>>>>>>>>>>>>>>>>>>>>>>>>>>>>> Service end >>>>>>>>>>>>>>>>>>>>>>>>>>>>>>>>>>

2023-01-04 17:41:14,504 - API Server - INFO - >>>>>>>>>>>>>>>>>>>>>>>>>>>>>>>>>> Service start >>>>>>>>>>>>>>>>>>>>>>>>>>>>>>>>>>>>
2023-01-04 17:41:14,507 - API Server - INFO - >> query args: {'question': '我的花呗怎么还钱', 'size': 20}
2023-01-04 17:41:15,252 - FAQ - INFO - token: ['我', '的', '花', '呗', '怎么', '还', '钱']
2023-01-04 17:41:15,389 - FAQ - INFO - recall corpus num: 515
2023-01-04 17:41:15,420 - FAQ - INFO - rank top10:
2023-01-04 17:41:15,422 - FAQ - INFO -      - question:花呗怎么还款  - answer:我的花呗不知道咋还款的  - prob:0.75
2023-01-04 17:41:15,422 - FAQ - INFO -      - question:花呗怎么还呐  - answer:在淘宝用花呗支付的，怎么还款  - prob:0.75
2023-01-04 17:41:15,423 - FAQ - INFO -      - question:月底花呗怎么还  - answer:怎么样用花呗还款  - prob:0.6
2023-01-04 17:41:15,423 - FAQ - INFO -      - question:我的花呗怎么没有的  - answer:我的账号花呗怎么没有  - prob:0.5714285714285714
2023-01-04 17:41:15,423 - FAQ - INFO -      - question:我我的花呗怎么用不了  - answer:我这花呗都好久了怎么还不能用  - prob:0.5
2023-01-04 17:41:15,424 - FAQ - INFO -      - question:借呗花呗怎么还款  - answer:拼多多用的花呗怎么还款  - prob:0.5
2023-01-04 17:41:15,424 - FAQ - INFO -      - question:花吧怎么还钱  - answer:蚂蚁花呗这个还款怎么还  - prob:0.5
2023-01-04 17:41:15,424 - FAQ - INFO -      - question:花呗怎么退款  - answer:花呗如何退货退款  - prob:0.5
2023-01-04 17:41:15,425 - FAQ - INFO -      - question:花呗怎么解卡  - answer:解绑蚂蚁花呗的银行卡怎么解绑  - prob:0.5
2023-01-04 17:41:15,425 - FAQ - INFO -      - question:我的花呗怎么不好收钱的  - answer:我手机的收钱码不可以花呗收钱  - prob:0.4444444444444444
2023-01-04 17:41:15,425 - FAQ - INFO -      - question:怎么我的花呗怎么用不了  - answer:你的，为什么我的花呗不能用，求解  - prob:0.4444444444444444
2023-01-04 17:41:15,426 - FAQ - INFO -      - question:我的花呗怎么不能交花费了  - answer:为啥我花呗不能交手机费  - prob:0.4
2023-01-04 17:41:15,426 - FAQ - INFO -      - question:花呗怎么样开通  - answer:我的账户如何开通花呗  - prob:0.4
2023-01-04 17:41:15,426 - FAQ - INFO -      - question:花呗怎么让代付  - answer:每月花呗应付款里的金额怎么找人代付  - prob:0.4
2023-01-04 17:41:15,427 - FAQ - INFO -      - question:花呗怎么不能扫  - answer:不是我的这个淘宝，花呗扫描扫不起怎么回事  - prob:0.4
2023-01-04 17:41:15,427 - FAQ - INFO -      - question:花呗怎么计息的  - answer:花呗***%费率 怎么计算  - prob:0.4
2023-01-04 17:41:15,427 - FAQ - INFO -      - question:不用花呗怎么退  - answer:我的蚂蚁花呗怎么关掉  - prob:0.4
2023-01-04 17:41:15,428 - FAQ - INFO -      - question:花呗怎么用不起  - answer:为什么我还是用不了花呗  - prob:0.4
2023-01-04 17:41:15,428 - FAQ - INFO -      - question:花呗怎么算还款  - answer:花呗***号还怎么算  - prob:0.4
2023-01-04 17:41:15,428 - FAQ - INFO -      - question:花呗怎么被冻了  - answer:花呗账户冻结  - prob:0.4
2023-01-04 17:41:15,432 - API Server - INFO - >> response args: {'status': 200, 'answer': [{'question': '花呗怎么还款', 'answer': '我的花呗不知道咋还款的', 'prob': 0.75}, {'question': '花呗怎么还呐', 'answer': '在淘宝用花呗支付的，怎么还款', 'prob': 0.75}, {'question': '月底花呗怎么还', 'answer': '怎么样用花呗还款', 'prob': 0.6}, {'question': '我的花呗怎么没有的', 'answer': '我的账号花呗怎么没有', 'prob': 0.5714285714285714}, {'question': '我我的花呗怎么用不了', 'answer': '我这花呗都好久了怎么还不能用', 'prob': 0.5}, {'question': '借呗花呗怎么还款', 'answer': '拼多多用的花呗怎么还款', 'prob': 0.5}, {'question': '花吧怎么还钱', 'answer': '蚂蚁花呗这个还款怎么还', 'prob': 0.5}, {'question': '花呗怎么退款', 'answer': '花呗如何退货退款', 'prob': 0.5}, {'question': '花呗怎么解卡', 'answer': '解绑蚂蚁花呗的银行卡怎么解绑', 'prob': 0.5}, {'question': '我的花呗怎么不好收钱的', 'answer': '我手机的收钱码不可以花呗收钱', 'prob': 0.4444444444444444}, {'question': '怎么我的花呗怎么用不了', 'answer': '你的，为什么我的花呗不能用，求解', 'prob': 0.4444444444444444}, {'question': '我的花呗怎么不能交花费了', 'answer': '为啥我花呗不能交手机费', 'prob': 0.4}, {'question': '花呗怎么样开通', 'answer': '我的账户如何开通花呗', 'prob': 0.4}, {'question': '花呗怎么让代付', 'answer': '每月花呗应付款里的金额怎么找人代付', 'prob': 0.4}, {'question': '花呗怎么不能扫', 'answer': '不是我的这个淘宝，花呗扫描扫不起怎么回事', 'prob': 0.4}, {'question': '花呗怎么计息的', 'answer': '花呗***%费率 怎么计算', 'prob': 0.4}, {'question': '不用花呗怎么退', 'answer': '我的蚂蚁花呗怎么关掉', 'prob': 0.4}, {'question': '花呗怎么用不起', 'answer': '为什么我还是用不了花呗', 'prob': 0.4}, {'question': '花呗怎么算还款', 'answer': '花呗***号还怎么算', 'prob': 0.4}, {'question': '花呗怎么被冻了', 'answer': '花呗账户冻结', 'prob': 0.4}]}
2023-01-04 17:41:15,433 - API Server - INFO - >> response time: 0.9252729415893555 sec
2023-01-04 17:41:15,433 - API Server - INFO - >>>>>>>>>>>>>>>>>>>>>>>>>>>>>>>>>> Service end >>>>>>>>>>>>>>>>>>>>>>>>>>>>>>>>>>

2023-01-04 17:42:17,848 - API Server - INFO - >>>>>>>>>>>>>>>>>>>>>>>>>>>>>>>>>> Service start >>>>>>>>>>>>>>>>>>>>>>>>>>>>>>>>>>>>
2023-01-04 17:42:17,849 - API Server - INFO - >> query args: {'question': '我的花呗怎么还钱', 'size': 10}
2023-01-04 17:42:18,520 - FAQ - INFO - token: ['我', '的', '花', '呗', '怎么', '还', '钱']
2023-01-04 17:42:18,626 - FAQ - INFO - recall corpus num: 515
2023-01-04 17:42:58,518 - API Server - INFO - >>>>>>>>>>>>>>>>>>>>>>>>>>>>>>>>>> Service start >>>>>>>>>>>>>>>>>>>>>>>>>>>>>>>>>>>>
2023-01-04 17:42:58,519 - API Server - INFO - >> query args: {'question': '我的花呗怎么还钱', 'size': 10}
2023-01-04 17:42:59,178 - FAQ - INFO - token: ['我', '的', '花', '呗', '怎么', '还', '钱']
2023-01-04 17:42:59,280 - FAQ - INFO - recall corpus num: 515
2023-01-04 17:42:59,289 - FAQ - INFO - rank top10:
2023-01-04 17:42:59,290 - FAQ - INFO -      - question:怎么用微信还钱  - answer:花呗还款能不能用微信  - prob:4.422719224293291
2023-01-04 17:42:59,290 - FAQ - INFO -      - question:花吧怎么还钱  - answer:蚂蚁花呗这个还款怎么还  - prob:3.4135171357022362
2023-01-04 17:42:59,290 - FAQ - INFO -      - question:还钱还钱怎么还钱花呗里面的钱怎么还  - answer:之前的花呗怎么还  - prob:2.0942672392636963
2023-01-04 17:42:59,291 - FAQ - INFO -      - question:我的钱退回花呗了怎么要还的钱，还没有少  - answer:我的是花呗，也退回来花呗可是还是还的辣么多钱  - prob:1.3262181717082702
2023-01-04 17:42:59,291 - FAQ - INFO -      - question:怎么捡贝壳  - answer:蚂蚁借呗贝壳  - prob:1.2611288699786791
2023-01-04 17:42:59,291 - FAQ - INFO -      - question:网商贷怎么取消  - answer:我不要网商贷  - prob:1.2611288699786791
2023-01-04 17:42:59,291 - FAQ - INFO -      - question:怎么取消网商贷  - answer:关闭网商贷  - prob:1.2611288699786791
2023-01-04 17:42:59,292 - FAQ - INFO -      - question:捡了贝壳怎么用  - answer:我的呗壳怎么使用  - prob:1.1009213297618512
2023-01-04 17:42:59,292 - FAQ - INFO -      - question:我想，我什么时候使用的花吧  - answer:我什么时候用花呗借钱了  - prob:0.6887312969843544
2023-01-04 17:42:59,293 - FAQ - INFO -      - question:就是怎么还款，我可花呗里头花的钱怎么还怎么还款  - answer:花呗贷款怎么还款的  - prob:0.6014382959305847
2023-01-04 17:42:59,296 - API Server - INFO - >> response args: {'status': 200, 'answer': [{'question': '怎么用微信还钱', 'answer': '花呗还款能不能用微信', 'prob': 4.422719224293291}, {'question': '花吧怎么还钱', 'answer': '蚂蚁花呗这个还款怎么还', 'prob': 3.4135171357022362}, {'question': '还钱还钱怎么还钱花呗里面的钱怎么还', 'answer': '之前的花呗怎么还', 'prob': 2.0942672392636963}, {'question': '我的钱退回花呗了怎么要还的钱，还没有少', 'answer': '我的是花呗，也退回来花呗可是还是还的辣么多钱', 'prob': 1.3262181717082702}, {'question': '怎么捡贝壳', 'answer': '蚂蚁借呗贝壳', 'prob': 1.2611288699786791}, {'question': '网商贷怎么取消', 'answer': '我不要网商贷', 'prob': 1.2611288699786791}, {'question': '怎么取消网商贷', 'answer': '关闭网商贷', 'prob': 1.2611288699786791}, {'question': '捡了贝壳怎么用', 'answer': '我的呗壳怎么使用', 'prob': 1.1009213297618512}, {'question': '我想，我什么时候使用的花吧', 'answer': '我什么时候用花呗借钱了', 'prob': 0.6887312969843544}, {'question': '就是怎么还款，我可花呗里头花的钱怎么还怎么还款', 'answer': '花呗贷款怎么还款的', 'prob': 0.6014382959305847}]}
2023-01-04 17:42:59,297 - API Server - INFO - >> response time: 0.7771859169006348 sec
2023-01-04 17:42:59,298 - API Server - INFO - >>>>>>>>>>>>>>>>>>>>>>>>>>>>>>>>>> Service end >>>>>>>>>>>>>>>>>>>>>>>>>>>>>>>>>>

2023-01-04 17:45:26,719 - API Server - INFO - >>>>>>>>>>>>>>>>>>>>>>>>>>>>>>>>>> Service start >>>>>>>>>>>>>>>>>>>>>>>>>>>>>>>>>>>>
2023-01-04 17:45:26,720 - API Server - INFO - >> query args: {'question': '我的花呗怎么还钱', 'size': 10}
2023-01-04 17:45:27,365 - FAQ - INFO - token: ['我', '的', '花', '呗', '怎么', '还', '钱']
2023-01-04 17:45:27,478 - FAQ - INFO - recall corpus num: 515
2023-01-04 17:45:32,712 - FAQ - INFO - rank top10:
2023-01-04 17:45:32,713 - FAQ - INFO -      - question:我想还花呗的钱  - answer:现在就想把花呗还了  - prob:0.988257110118866
2023-01-04 17:45:32,713 - FAQ - INFO -      - question:我的花呗的额度是多少  - answer:花呗额度一般会有多少  - prob:0.985659122467041
2023-01-04 17:45:32,713 - FAQ - INFO -      - question:我们查我的花呗账单  - answer:后面几个月的花呗账单怎么查询  - prob:0.9816569089889526
2023-01-04 17:45:32,713 - FAQ - INFO -      - question:我的花呗咋给我停了  - answer:我的花呗冻结了要怎么解冻  - prob:0.9808076024055481
2023-01-04 17:45:32,714 - FAQ - INFO -      - question:我的花呗还可以给我开通吗  - answer:我还能申请花呗吗  - prob:0.9788978099822998
2023-01-04 17:45:32,714 - FAQ - INFO -      - question:我说我的花呗什么时候灰复  - answer:花呗还钱进去，什么时候才能再用花呗  - prob:0.9785016179084778
2023-01-04 17:45:32,715 - FAQ - INFO -      - question:我的蚂蚁花呗的额度是多少  - answer:一般花呗给多大额度  - prob:0.9754621386528015
2023-01-04 17:45:32,715 - FAQ - INFO -      - question:我可以解冻我的花呗吗  - answer:有什么办法可以解除花呗冻结的  - prob:0.9739912152290344
2023-01-04 17:45:32,716 - FAQ - INFO -      - question:我的蚂蚁花呗为什么是负的  - answer:蚂蚁花呗可用额度负数怎么回事  - prob:0.9734099507331848
2023-01-04 17:45:32,716 - FAQ - INFO -      - question:这是花呗，我说的是借呗  - answer:不是花呗、是借呗  - prob:0.9729437232017517
2023-01-04 17:45:32,719 - API Server - INFO - >> response args: {'status': 200, 'answer': [{'question': '我想还花呗的钱', 'answer': '现在就想把花呗还了', 'score': 0.988257110118866}, {'question': '我的花呗的额度是多少', 'answer': '花呗额度一般会有多少', 'score': 0.985659122467041}, {'question': '我们查我的花呗账单', 'answer': '后面几个月的花呗账单怎么查询', 'score': 0.9816569089889526}, {'question': '我的花呗咋给我停了', 'answer': '我的花呗冻结了要怎么解冻', 'score': 0.9808076024055481}, {'question': '我的花呗还可以给我开通吗', 'answer': '我还能申请花呗吗', 'score': 0.9788978099822998}, {'question': '我说我的花呗什么时候灰复', 'answer': '花呗还钱进去，什么时候才能再用花呗', 'score': 0.9785016179084778}, {'question': '我的蚂蚁花呗的额度是多少', 'answer': '一般花呗给多大额度', 'score': 0.9754621386528015}, {'question': '我可以解冻我的花呗吗', 'answer': '有什么办法可以解除花呗冻结的', 'score': 0.9739912152290344}, {'question': '我的蚂蚁花呗为什么是负的', 'answer': '蚂蚁花呗可用额度负数怎么回事', 'score': 0.9734099507331848}, {'question': '这是花呗，我说的是借呗', 'answer': '不是花呗、是借呗', 'score': 0.9729437232017517}]}
2023-01-04 17:45:32,719 - API Server - INFO - >> response time: 5.999107837677002 sec
2023-01-04 17:45:32,720 - API Server - INFO - >>>>>>>>>>>>>>>>>>>>>>>>>>>>>>>>>> Service end >>>>>>>>>>>>>>>>>>>>>>>>>>>>>>>>>>

2023-01-04 17:48:22,863 - API Server - INFO - >>>>>>>>>>>>>>>>>>>>>>>>>>>>>>>>>> Service start >>>>>>>>>>>>>>>>>>>>>>>>>>>>>>>>>>>>
2023-01-04 17:48:22,865 - API Server - INFO - >> query args: {'question': '我的花呗怎么还钱', 'size': 10}
2023-01-04 17:48:23,521 - FAQ - INFO - token: ['我', '的', '花', '呗', '怎么', '还', '钱']
2023-01-04 17:48:23,633 - FAQ - INFO - recall corpus num: 515
2023-01-04 17:48:23,697 - FAQ - INFO - rank top10:
2023-01-04 17:48:23,697 - FAQ - INFO -      - question:借呗***怎么变***了  - answer:蚂蚁借呗之前额度***，现在怎么变成***了  - prob:29.019065856933594
2023-01-04 17:48:23,697 - FAQ - INFO -      - question:借呗***个月还上还是每个月都还点  - answer:蚂蚁借呗分***期，是每个月还款的，还是一次性  - prob:24.727439880371094
2023-01-04 17:48:23,697 - FAQ - INFO -      - question:别人的借呗***才***的利息  - answer:别人的蚂蚁借呗为什么利率定***  - prob:23.96391487121582
2023-01-04 17:48:23,698 - FAQ - INFO -      - question:花呗冻结***  - answer:我花呗为什么会冻结  - prob:23.715744018554688
2023-01-04 17:48:23,698 - FAQ - INFO -      - question:我的借呗怎么没有分期***个月的了  - answer:借呗为什么没办法分期***个月  - prob:22.66368865966797
2023-01-04 17:48:23,698 - FAQ - INFO -      - question:我的***月***日的一笔***的花呗待确认订单找不到了  - answer:找不到花呗中我的账单  - prob:22.325456619262695
2023-01-04 17:48:23,698 - FAQ - INFO -      - question:花呗***返现  - answer:刚刚***钱花呗返现  - prob:22.282421112060547
2023-01-04 17:48:23,699 - FAQ - INFO -      - question:借呗怎么不能***期  - answer:借呗怎么不能分成***期，或者是***期的  - prob:22.130844116210938
2023-01-04 17:48:23,699 - FAQ - INFO -      - question:今天用花呗是***号还还是下个月还  - answer:今天用花呗，什么时候还款  - prob:20.777921676635742
2023-01-04 17:48:23,699 - FAQ - INFO -      - question:花呗欠***都什么钱  - answer:我花呗欠你们***多为什么有人打电话说我欠***多  - prob:20.246925354003906
2023-01-04 17:48:47,001 - API Server - INFO - >>>>>>>>>>>>>>>>>>>>>>>>>>>>>>>>>> Service start >>>>>>>>>>>>>>>>>>>>>>>>>>>>>>>>>>>>
2023-01-04 17:48:47,002 - API Server - INFO - >> query args: {'question': '我的花呗怎么还钱', 'size': 10}
2023-01-04 17:48:47,003 - FAQ - INFO - token: ['我', '的', '花', '呗', '怎么', '还', '钱']
2023-01-04 17:48:47,113 - FAQ - INFO - recall corpus num: 515
2023-01-04 17:48:47,174 - FAQ - INFO - rank top10:
2023-01-04 17:48:47,174 - FAQ - INFO -      - question:借呗***怎么变***了  - answer:蚂蚁借呗之前额度***，现在怎么变成***了  - prob:29.019065856933594
2023-01-04 17:48:47,175 - FAQ - INFO -      - question:借呗***个月还上还是每个月都还点  - answer:蚂蚁借呗分***期，是每个月还款的，还是一次性  - prob:24.727439880371094
2023-01-04 17:48:47,175 - FAQ - INFO -      - question:别人的借呗***才***的利息  - answer:别人的蚂蚁借呗为什么利率定***  - prob:23.96391487121582
2023-01-04 17:48:47,175 - FAQ - INFO -      - question:花呗冻结***  - answer:我花呗为什么会冻结  - prob:23.715744018554688
2023-01-04 17:48:47,176 - FAQ - INFO -      - question:我的借呗怎么没有分期***个月的了  - answer:借呗为什么没办法分期***个月  - prob:22.66368865966797
2023-01-04 17:48:47,176 - FAQ - INFO -      - question:我的***月***日的一笔***的花呗待确认订单找不到了  - answer:找不到花呗中我的账单  - prob:22.325456619262695
2023-01-04 17:48:47,176 - FAQ - INFO -      - question:花呗***返现  - answer:刚刚***钱花呗返现  - prob:22.282421112060547
2023-01-04 17:48:47,177 - FAQ - INFO -      - question:借呗怎么不能***期  - answer:借呗怎么不能分成***期，或者是***期的  - prob:22.130844116210938
2023-01-04 17:48:47,177 - FAQ - INFO -      - question:今天用花呗是***号还还是下个月还  - answer:今天用花呗，什么时候还款  - prob:20.777921676635742
2023-01-04 17:48:47,177 - FAQ - INFO -      - question:花呗欠***都什么钱  - answer:我花呗欠你们***多为什么有人打电话说我欠***多  - prob:20.246925354003906
2023-01-04 17:49:26,232 - API Server - INFO - >>>>>>>>>>>>>>>>>>>>>>>>>>>>>>>>>> Service start >>>>>>>>>>>>>>>>>>>>>>>>>>>>>>>>>>>>
2023-01-04 17:49:26,232 - API Server - INFO - >> query args: {'question': '我的花呗怎么还钱', 'size': 10}
2023-01-04 17:49:26,232 - FAQ - INFO - token: ['我', '的', '花', '呗', '怎么', '还', '钱']
2023-01-04 17:49:26,331 - FAQ - INFO - recall corpus num: 515
2023-01-04 17:49:26,392 - FAQ - INFO - rank top10:
2023-01-04 17:49:26,392 - FAQ - INFO -      - question:借呗***怎么变***了  - answer:蚂蚁借呗之前额度***，现在怎么变成***了  - prob:29.019065856933594
2023-01-04 17:49:26,392 - FAQ - INFO -      - question:借呗***个月还上还是每个月都还点  - answer:蚂蚁借呗分***期，是每个月还款的，还是一次性  - prob:24.727439880371094
2023-01-04 17:49:26,392 - FAQ - INFO -      - question:别人的借呗***才***的利息  - answer:别人的蚂蚁借呗为什么利率定***  - prob:23.96391487121582
2023-01-04 17:49:26,393 - FAQ - INFO -      - question:花呗冻结***  - answer:我花呗为什么会冻结  - prob:23.715744018554688
2023-01-04 17:49:26,393 - FAQ - INFO -      - question:我的借呗怎么没有分期***个月的了  - answer:借呗为什么没办法分期***个月  - prob:22.66368865966797
2023-01-04 17:49:26,393 - FAQ - INFO -      - question:我的***月***日的一笔***的花呗待确认订单找不到了  - answer:找不到花呗中我的账单  - prob:22.325456619262695
2023-01-04 17:49:26,394 - FAQ - INFO -      - question:花呗***返现  - answer:刚刚***钱花呗返现  - prob:22.282421112060547
2023-01-04 17:49:26,394 - FAQ - INFO -      - question:借呗怎么不能***期  - answer:借呗怎么不能分成***期，或者是***期的  - prob:22.130844116210938
2023-01-04 17:49:26,394 - FAQ - INFO -      - question:今天用花呗是***号还还是下个月还  - answer:今天用花呗，什么时候还款  - prob:20.777921676635742
2023-01-04 17:49:26,395 - FAQ - INFO -      - question:花呗欠***都什么钱  - answer:我花呗欠你们***多为什么有人打电话说我欠***多  - prob:20.246925354003906
2023-01-04 17:52:29,993 - API Server - INFO - >>>>>>>>>>>>>>>>>>>>>>>>>>>>>>>>>> Service start >>>>>>>>>>>>>>>>>>>>>>>>>>>>>>>>>>>>
2023-01-04 17:52:29,998 - API Server - INFO - >> query args: {'question': '我的花呗怎么还钱', 'size': 10}
2023-01-04 17:52:30,662 - FAQ - INFO - token: ['我', '的', '花', '呗', '怎么', '还', '钱']
2023-01-04 17:52:30,765 - FAQ - INFO - recall corpus num: 515
2023-01-04 17:52:30,829 - FAQ - INFO - rank top10:
2023-01-04 17:52:30,829 - FAQ - INFO -      - question:借呗***怎么变***了  - answer:蚂蚁借呗之前额度***，现在怎么变成***了  - score:29.019065856933594
2023-01-04 17:52:30,830 - FAQ - INFO -      - question:借呗***个月还上还是每个月都还点  - answer:蚂蚁借呗分***期，是每个月还款的，还是一次性  - score:24.727439880371094
2023-01-04 17:52:30,830 - FAQ - INFO -      - question:别人的借呗***才***的利息  - answer:别人的蚂蚁借呗为什么利率定***  - score:23.96391487121582
2023-01-04 17:52:30,830 - FAQ - INFO -      - question:花呗冻结***  - answer:我花呗为什么会冻结  - score:23.715744018554688
2023-01-04 17:52:30,830 - FAQ - INFO -      - question:我的借呗怎么没有分期***个月的了  - answer:借呗为什么没办法分期***个月  - score:22.66368865966797
2023-01-04 17:52:30,831 - FAQ - INFO -      - question:我的***月***日的一笔***的花呗待确认订单找不到了  - answer:找不到花呗中我的账单  - score:22.325456619262695
2023-01-04 17:52:30,831 - FAQ - INFO -      - question:花呗***返现  - answer:刚刚***钱花呗返现  - score:22.282421112060547
2023-01-04 17:52:30,831 - FAQ - INFO -      - question:借呗怎么不能***期  - answer:借呗怎么不能分成***期，或者是***期的  - score:22.130844116210938
2023-01-04 17:52:30,832 - FAQ - INFO -      - question:今天用花呗是***号还还是下个月还  - answer:今天用花呗，什么时候还款  - score:20.777921676635742
2023-01-04 17:52:30,832 - FAQ - INFO -      - question:花呗欠***都什么钱  - answer:我花呗欠你们***多为什么有人打电话说我欠***多  - score:20.246925354003906
2023-01-04 17:52:36,072 - API Server - INFO - >> response args: {'status': 200, 'answer': [{'question': '借呗***怎么变***了', 'answer': '蚂蚁借呗之前额度***，现在怎么变成***了', 'score': '29.019066'}, {'question': '借呗***个月还上还是每个月都还点', 'answer': '蚂蚁借呗分***期，是每个月还款的，还是一次性', 'score': '24.72744'}, {'question': '别人的借呗***才***的利息', 'answer': '别人的蚂蚁借呗为什么利率定***', 'score': '23.963915'}, {'question': '花呗冻结***', 'answer': '我花呗为什么会冻结', 'score': '23.715744'}, {'question': '我的借呗怎么没有分期***个月的了', 'answer': '借呗为什么没办法分期***个月', 'score': '22.663689'}, {'question': '我的***月***日的一笔***的花呗待确认订单找不到了', 'answer': '找不到花呗中我的账单', 'score': '22.325457'}, {'question': '花呗***返现', 'answer': '刚刚***钱花呗返现', 'score': '22.282421'}, {'question': '借呗怎么不能***期', 'answer': '借呗怎么不能分成***期，或者是***期的', 'score': '22.130844'}, {'question': '今天用花呗是***号还还是下个月还', 'answer': '今天用花呗，什么时候还款', 'score': '20.777922'}, {'question': '花呗欠***都什么钱', 'answer': '我花呗欠你们***多为什么有人打电话说我欠***多', 'score': '20.246925'}]}
2023-01-04 17:52:36,073 - API Server - INFO - >> response time: 6.074326992034912 sec
2023-01-04 17:52:36,073 - API Server - INFO - >>>>>>>>>>>>>>>>>>>>>>>>>>>>>>>>>> Service end >>>>>>>>>>>>>>>>>>>>>>>>>>>>>>>>>>

2023-01-04 17:53:06,952 - API Server - INFO - >>>>>>>>>>>>>>>>>>>>>>>>>>>>>>>>>> Service start >>>>>>>>>>>>>>>>>>>>>>>>>>>>>>>>>>>>
2023-01-04 17:53:06,953 - API Server - INFO - >> query args: {'question': '我的花呗怎么还钱', 'size': 10}
2023-01-04 17:53:06,954 - FAQ - INFO - token: ['我', '的', '花', '呗', '怎么', '还', '钱']
2023-01-04 17:53:07,051 - FAQ - INFO - recall corpus num: 515
2023-01-04 18:00:29,710 - API Server - INFO - >>>>>>>>>>>>>>>>>>>>>>>>>>>>>>>>>> Service start >>>>>>>>>>>>>>>>>>>>>>>>>>>>>>>>>>>>
2023-01-04 18:00:29,714 - API Server - INFO - >> query args: {'question': '我的花呗怎么还钱', 'size': 10}
2023-01-04 18:00:30,388 - FAQ - INFO - token: ['我', '的', '花', '呗', '怎么', '还', '钱']
2023-01-04 18:00:30,492 - FAQ - INFO - recall corpus num: 515
2023-01-04 18:00:44,269 - FAQ - INFO - rank top10:
2023-01-04 18:00:44,270 - FAQ - INFO -      - question:我想还花呗的钱  - answer:现在就想把花呗还了  - score:0.9927957294189055
2023-01-04 18:00:44,271 - FAQ - INFO -      - question:我的钱退回花呗了怎么要还的钱，还没有少  - answer:我的是花呗，也退回来花呗可是还是还的辣么多钱  - score:0.985171252315704
2023-01-04 18:00:44,272 - FAQ - INFO -      - question:挂备我，我没用花呗，为什么我还欠花呗的钱  - answer:我这个没用花呗。为什么还有要还的钱  - score:0.9850636926685561
2023-01-04 18:00:44,273 - FAQ - INFO -      - question:我的花呗都还完了怎么还让我还呀  - answer:我的花呗已经花完了，怎么还让我还款  - score:0.984643736093915
2023-01-04 18:00:44,274 - FAQ - INFO -      - question:为什么我的借呗给我封了，我又不是不还钱  - answer:我的借呗为什么给关了  - score:0.983853098160221
2023-01-04 18:00:44,274 - FAQ - INFO -      - question:我的花呗已经还啦，为什么还有应还款  - answer:我有一个花呗***元，当月已经还了，为什么帐单还要还这个钱  - score:0.9833942882725816
2023-01-04 18:00:44,275 - FAQ - INFO -      - question:花呗上的钱咋还  - answer:我怎么样去还花呗里面的钱  - score:0.9833143515690519
2023-01-04 18:00:44,276 - FAQ - INFO -      - question:不是是花呗我换款了还让我还  - answer:有一笔花呗已还，怎么又让我还了一笔  - score:0.9828525537911639
2023-01-04 18:00:44,277 - FAQ - INFO -      - question:就是怎么还款，我可花呗里头花的钱怎么还怎么还款  - answer:花呗贷款怎么还款的  - score:0.9827038838604474
2023-01-04 18:00:44,277 - FAQ - INFO -      - question:我已经还款 怎么花呗上还让我还款  - answer:我感觉我花呗出错误了，已经还了，可是还让我还  - score:0.9825063910220335
2023-01-04 18:00:48,286 - API Server - INFO - >> response args: {'status': 200, 'answer': [{'question': '我想还花呗的钱', 'answer': '现在就想把花呗还了', 'score': '0.9927957294189055'}, {'question': '我的钱退回花呗了怎么要还的钱，还没有少', 'answer': '我的是花呗，也退回来花呗可是还是还的辣么多钱', 'score': '0.985171252315704'}, {'question': '挂备我，我没用花呗，为什么我还欠花呗的钱', 'answer': '我这个没用花呗。为什么还有要还的钱', 'score': '0.9850636926685561'}, {'question': '我的花呗都还完了怎么还让我还呀', 'answer': '我的花呗已经花完了，怎么还让我还款', 'score': '0.984643736093915'}, {'question': '为什么我的借呗给我封了，我又不是不还钱', 'answer': '我的借呗为什么给关了', 'score': '0.983853098160221'}, {'question': '我的花呗已经还啦，为什么还有应还款', 'answer': '我有一个花呗***元，当月已经还了，为什么帐单还要还这个钱', 'score': '0.9833942882725816'}, {'question': '花呗上的钱咋还', 'answer': '我怎么样去还花呗里面的钱', 'score': '0.9833143515690519'}, {'question': '不是是花呗我换款了还让我还', 'answer': '有一笔花呗已还，怎么又让我还了一笔', 'score': '0.9828525537911639'}, {'question': '就是怎么还款，我可花呗里头花的钱怎么还怎么还款', 'answer': '花呗贷款怎么还款的', 'score': '0.9827038838604474'}, {'question': '我已经还款 怎么花呗上还让我还款', 'answer': '我感觉我花呗出错误了，已经还了，可是还让我还', 'score': '0.9825063910220335'}]}
2023-01-04 18:00:48,288 - API Server - INFO - >> response time: 18.571593046188354 sec
2023-01-04 18:00:48,288 - API Server - INFO - >>>>>>>>>>>>>>>>>>>>>>>>>>>>>>>>>> Service end >>>>>>>>>>>>>>>>>>>>>>>>>>>>>>>>>>

2023-01-04 19:26:01,822 - API Server - INFO - >>>>>>>>>>>>>>>>>>>>>>>>>>>>>>>>>> Service start >>>>>>>>>>>>>>>>>>>>>>>>>>>>>>>>>>>>
2023-01-04 19:26:01,823 - API Server - INFO - >> query args: {'question': '花呗怎么还钱', 'size': 10}
2023-01-04 19:26:02,494 - FAQ - INFO - token: ['花', '呗', '怎么', '还', '钱']
2023-01-04 19:26:02,662 - FAQ - INFO - recall corpus num: 369
2023-01-04 19:26:02,665 - FAQ - INFO - rank top10:
2023-01-04 19:26:02,665 - FAQ - INFO -      - question:怎么用微信还钱  - answer:花呗还款能不能用微信  - score:3.53791335440864
2023-01-04 19:26:02,665 - FAQ - INFO -      - question:花吧怎么还钱  - answer:蚂蚁花呗这个还款怎么还  - score:2.5079297680224757
2023-01-04 19:26:02,665 - FAQ - INFO -      - question:还钱还钱怎么还钱花呗里面的钱怎么还  - answer:之前的花呗怎么还  - score:0.9073456314277346
2023-01-04 19:26:02,665 - FAQ - INFO -      - question:怎么捡贝壳  - answer:蚂蚁借呗贝壳  - score:0.8795645390731164
2023-01-04 19:26:02,665 - FAQ - INFO -      - question:网商贷怎么取消  - answer:我不要网商贷  - score:0.8795645390731164
2023-01-04 19:26:02,666 - FAQ - INFO -      - question:怎么取消网商贷  - answer:关闭网商贷  - score:0.8795645390731164
2023-01-04 19:26:02,666 - FAQ - INFO -      - question:捡了贝壳怎么用  - answer:我的呗壳怎么使用  - score:0.7611890392246068
2023-01-04 19:26:02,666 - FAQ - INFO -      - question:我的钱退回花呗了怎么要还的钱，还没有少  - answer:我的是花呗，也退回来花呗可是还是还的辣么多钱  - score:-0.25593776131210877
2023-01-04 19:26:02,666 - FAQ - INFO -      - question:怎么删除花吧  - answer:我不用这什么花呗.要怎样删除它  - score:-0.2881872757819113
2023-01-04 19:26:02,666 - FAQ - INFO -      - question:怎么设置花吧  - answer:怎么改支付花呗  - score:-0.2881872757819113
2023-01-04 19:26:02,667 - API Server - INFO - >> response args: {'status': 200, 'answer': [{'question': '怎么用微信还钱', 'answer': '花呗还款能不能用微信', 'score': '3.53791335440864'}, {'question': '花吧怎么还钱', 'answer': '蚂蚁花呗这个还款怎么还', 'score': '2.5079297680224757'}, {'question': '还钱还钱怎么还钱花呗里面的钱怎么还', 'answer': '之前的花呗怎么还', 'score': '0.9073456314277346'}, {'question': '怎么捡贝壳', 'answer': '蚂蚁借呗贝壳', 'score': '0.8795645390731164'}, {'question': '网商贷怎么取消', 'answer': '我不要网商贷', 'score': '0.8795645390731164'}, {'question': '怎么取消网商贷', 'answer': '关闭网商贷', 'score': '0.8795645390731164'}, {'question': '捡了贝壳怎么用', 'answer': '我的呗壳怎么使用', 'score': '0.7611890392246068'}, {'question': '我的钱退回花呗了怎么要还的钱，还没有少', 'answer': '我的是花呗，也退回来花呗可是还是还的辣么多钱', 'score': '-0.25593776131210877'}, {'question': '怎么删除花吧', 'answer': '我不用这什么花呗.要怎样删除它', 'score': '-0.2881872757819113'}, {'question': '怎么设置花吧', 'answer': '怎么改支付花呗', 'score': '-0.2881872757819113'}]}
2023-01-04 19:26:02,668 - API Server - INFO - >> response time: 0.8443961143493652 sec
2023-01-04 19:26:02,668 - API Server - INFO - >>>>>>>>>>>>>>>>>>>>>>>>>>>>>>>>>> Service end >>>>>>>>>>>>>>>>>>>>>>>>>>>>>>>>>>

2023-01-04 19:26:13,255 - API Server - INFO - >>>>>>>>>>>>>>>>>>>>>>>>>>>>>>>>>> Service start >>>>>>>>>>>>>>>>>>>>>>>>>>>>>>>>>>>>
2023-01-04 19:26:13,255 - API Server - INFO - >> query args: {'question': '我的花呗怎么还钱', 'size': 10}
2023-01-04 19:26:13,256 - FAQ - INFO - token: ['我', '的', '花', '呗', '怎么', '还', '钱']
2023-01-04 19:26:13,377 - FAQ - INFO - recall corpus num: 515
2023-01-04 19:26:20,480 - API Server - INFO - >>>>>>>>>>>>>>>>>>>>>>>>>>>>>>>>>> Service start >>>>>>>>>>>>>>>>>>>>>>>>>>>>>>>>>>>>
2023-01-04 19:26:20,481 - API Server - INFO - >> query args: {'question': '我的花呗怎么还钱', 'size': 10}
2023-01-04 19:26:20,481 - FAQ - INFO - token: ['我', '的', '花', '呗', '怎么', '还', '钱']
2023-01-04 19:26:20,589 - FAQ - INFO - recall corpus num: 515
2023-01-04 19:28:47,629 - API Server - INFO - >>>>>>>>>>>>>>>>>>>>>>>>>>>>>>>>>> Service start >>>>>>>>>>>>>>>>>>>>>>>>>>>>>>>>>>>>
2023-01-04 19:28:47,629 - API Server - INFO - >> query args: {'question': '我的花呗怎么还钱', 'size': 10}
2023-01-04 19:28:48,262 - FAQ - INFO - token: ['我', '的', '花', '呗', '怎么', '还', '钱']
2023-01-04 19:28:48,418 - FAQ - INFO - recall corpus num: 515
2023-01-04 19:28:48,423 - FAQ - INFO - rank top10:
2023-01-04 19:28:48,423 - FAQ - INFO -      - question:怎么用微信还钱  - answer:花呗还款能不能用微信  - score:4.422719224293291
2023-01-04 19:28:48,424 - FAQ - INFO -      - question:花吧怎么还钱  - answer:蚂蚁花呗这个还款怎么还  - score:3.4135171357022362
2023-01-04 19:28:48,424 - FAQ - INFO -      - question:还钱还钱怎么还钱花呗里面的钱怎么还  - answer:之前的花呗怎么还  - score:2.0942672392636963
2023-01-04 19:28:48,424 - FAQ - INFO -      - question:我的钱退回花呗了怎么要还的钱，还没有少  - answer:我的是花呗，也退回来花呗可是还是还的辣么多钱  - score:1.3262181717082702
2023-01-04 19:28:48,424 - FAQ - INFO -      - question:怎么捡贝壳  - answer:蚂蚁借呗贝壳  - score:1.2611288699786791
2023-01-04 19:28:48,424 - FAQ - INFO -      - question:网商贷怎么取消  - answer:我不要网商贷  - score:1.2611288699786791
2023-01-04 19:28:48,425 - FAQ - INFO -      - question:怎么取消网商贷  - answer:关闭网商贷  - score:1.2611288699786791
2023-01-04 19:28:48,425 - FAQ - INFO -      - question:捡了贝壳怎么用  - answer:我的呗壳怎么使用  - score:1.1009213297618512
2023-01-04 19:28:48,425 - FAQ - INFO -      - question:我想，我什么时候使用的花吧  - answer:我什么时候用花呗借钱了  - score:0.6887312969843544
2023-01-04 19:28:48,425 - FAQ - INFO -      - question:就是怎么还款，我可花呗里头花的钱怎么还怎么还款  - answer:花呗贷款怎么还款的  - score:0.6014382959305847
2023-01-04 19:28:48,426 - API Server - INFO - >> response args: {'status': 200, 'answer': [{'question': '怎么用微信还钱', 'answer': '花呗还款能不能用微信', 'score': '4.422719224293291'}, {'question': '花吧怎么还钱', 'answer': '蚂蚁花呗这个还款怎么还', 'score': '3.4135171357022362'}, {'question': '还钱还钱怎么还钱花呗里面的钱怎么还', 'answer': '之前的花呗怎么还', 'score': '2.0942672392636963'}, {'question': '我的钱退回花呗了怎么要还的钱，还没有少', 'answer': '我的是花呗，也退回来花呗可是还是还的辣么多钱', 'score': '1.3262181717082702'}, {'question': '怎么捡贝壳', 'answer': '蚂蚁借呗贝壳', 'score': '1.2611288699786791'}, {'question': '网商贷怎么取消', 'answer': '我不要网商贷', 'score': '1.2611288699786791'}, {'question': '怎么取消网商贷', 'answer': '关闭网商贷', 'score': '1.2611288699786791'}, {'question': '捡了贝壳怎么用', 'answer': '我的呗壳怎么使用', 'score': '1.1009213297618512'}, {'question': '我想，我什么时候使用的花吧', 'answer': '我什么时候用花呗借钱了', 'score': '0.6887312969843544'}, {'question': '就是怎么还款，我可花呗里头花的钱怎么还怎么还款', 'answer': '花呗贷款怎么还款的', 'score': '0.6014382959305847'}]}
2023-01-04 19:28:48,427 - API Server - INFO - >> response time: 0.7970259189605713 sec
2023-01-04 19:28:48,448 - API Server - INFO - >>>>>>>>>>>>>>>>>>>>>>>>>>>>>>>>>> Service end >>>>>>>>>>>>>>>>>>>>>>>>>>>>>>>>>>

2023-01-05 12:48:49,023 - API Server - INFO - >>>>>>>>>>>>>>>>>>>>>>>>>>>>>>>>>> Service start >>>>>>>>>>>>>>>>>>>>>>>>>>>>>>>>>>>>
2023-01-05 12:48:49,025 - API Server - INFO - >> query args: {'question': '我的花呗怎么还钱', 'size': 10}
2023-01-05 12:48:49,689 - FAQ - INFO - token: ['我', '的', '花', '呗', '怎么', '还', '钱']
2023-01-05 12:48:49,966 - FAQ - INFO - recall corpus num: 515
2023-01-05 12:48:49,971 - FAQ - INFO - rank top10:
2023-01-05 12:48:49,972 - FAQ - INFO -      - question:怎么用微信还钱  - answer:花呗还款能不能用微信  - score:4.422719224293291
2023-01-05 12:48:49,972 - FAQ - INFO -      - question:花吧怎么还钱  - answer:蚂蚁花呗这个还款怎么还  - score:3.4135171357022362
2023-01-05 12:48:49,972 - FAQ - INFO -      - question:还钱还钱怎么还钱花呗里面的钱怎么还  - answer:之前的花呗怎么还  - score:2.0942672392636963
2023-01-05 12:48:49,972 - FAQ - INFO -      - question:我的钱退回花呗了怎么要还的钱，还没有少  - answer:我的是花呗，也退回来花呗可是还是还的辣么多钱  - score:1.3262181717082702
2023-01-05 12:48:49,972 - FAQ - INFO -      - question:怎么捡贝壳  - answer:蚂蚁借呗贝壳  - score:1.2611288699786791
2023-01-05 12:48:49,972 - FAQ - INFO -      - question:网商贷怎么取消  - answer:我不要网商贷  - score:1.2611288699786791
2023-01-05 12:48:49,972 - FAQ - INFO -      - question:怎么取消网商贷  - answer:关闭网商贷  - score:1.2611288699786791
2023-01-05 12:48:49,972 - FAQ - INFO -      - question:捡了贝壳怎么用  - answer:我的呗壳怎么使用  - score:1.1009213297618512
2023-01-05 12:48:49,972 - FAQ - INFO -      - question:我想，我什么时候使用的花吧  - answer:我什么时候用花呗借钱了  - score:0.6887312969843544
2023-01-05 12:48:49,972 - FAQ - INFO -      - question:就是怎么还款，我可花呗里头花的钱怎么还怎么还款  - answer:花呗贷款怎么还款的  - score:0.6014382959305847
2023-01-05 12:48:49,973 - API Server - INFO - >> response args: {'status': 200, 'answer': [{'question': '怎么用微信还钱', 'answer': '花呗还款能不能用微信', 'score': '4.422719224293291'}, {'question': '花吧怎么还钱', 'answer': '蚂蚁花呗这个还款怎么还', 'score': '3.4135171357022362'}, {'question': '还钱还钱怎么还钱花呗里面的钱怎么还', 'answer': '之前的花呗怎么还', 'score': '2.0942672392636963'}, {'question': '我的钱退回花呗了怎么要还的钱，还没有少', 'answer': '我的是花呗，也退回来花呗可是还是还的辣么多钱', 'score': '1.3262181717082702'}, {'question': '怎么捡贝壳', 'answer': '蚂蚁借呗贝壳', 'score': '1.2611288699786791'}, {'question': '网商贷怎么取消', 'answer': '我不要网商贷', 'score': '1.2611288699786791'}, {'question': '怎么取消网商贷', 'answer': '关闭网商贷', 'score': '1.2611288699786791'}, {'question': '捡了贝壳怎么用', 'answer': '我的呗壳怎么使用', 'score': '1.1009213297618512'}, {'question': '我想，我什么时候使用的花吧', 'answer': '我什么时候用花呗借钱了', 'score': '0.6887312969843544'}, {'question': '就是怎么还款，我可花呗里头花的钱怎么还怎么还款', 'answer': '花呗贷款怎么还款的', 'score': '0.6014382959305847'}]}
2023-01-05 12:48:49,975 - API Server - INFO - >> response time: 0.9496481418609619 sec
2023-01-05 12:48:49,975 - API Server - INFO - >>>>>>>>>>>>>>>>>>>>>>>>>>>>>>>>>> Service end >>>>>>>>>>>>>>>>>>>>>>>>>>>>>>>>>>

2023-01-05 12:49:33,118 - API Server - INFO - >>>>>>>>>>>>>>>>>>>>>>>>>>>>>>>>>> Service start >>>>>>>>>>>>>>>>>>>>>>>>>>>>>>>>>>>>
2023-01-05 12:49:33,118 - API Server - INFO - >> query args: {'question': '我的花呗怎么还钱', 'size': 10}
2023-01-05 12:49:33,775 - FAQ - INFO - token: ['我', '的', '花', '呗', '怎么', '还', '钱']
2023-01-05 12:49:33,927 - FAQ - INFO - recall corpus num: 515
2023-01-05 12:49:33,945 - FAQ - INFO - rank top10:
2023-01-05 12:49:33,945 - FAQ - INFO -      - question:花呗怎么还款  - answer:我的花呗不知道咋还款的  - score:0.75
2023-01-05 12:49:33,946 - FAQ - INFO -      - question:花呗怎么还呐  - answer:在淘宝用花呗支付的，怎么还款  - score:0.75
2023-01-05 12:49:33,946 - FAQ - INFO -      - question:月底花呗怎么还  - answer:怎么样用花呗还款  - score:0.6
2023-01-05 12:49:33,946 - FAQ - INFO -      - question:我的花呗怎么没有的  - answer:我的账号花呗怎么没有  - score:0.5714285714285714
2023-01-05 12:49:33,946 - FAQ - INFO -      - question:我我的花呗怎么用不了  - answer:我这花呗都好久了怎么还不能用  - score:0.5
2023-01-05 12:49:33,946 - FAQ - INFO -      - question:借呗花呗怎么还款  - answer:拼多多用的花呗怎么还款  - score:0.5
2023-01-05 12:49:33,946 - FAQ - INFO -      - question:花吧怎么还钱  - answer:蚂蚁花呗这个还款怎么还  - score:0.5
2023-01-05 12:49:33,946 - FAQ - INFO -      - question:花呗怎么退款  - answer:花呗如何退货退款  - score:0.5
2023-01-05 12:49:33,946 - FAQ - INFO -      - question:花呗怎么解卡  - answer:解绑蚂蚁花呗的银行卡怎么解绑  - score:0.5
2023-01-05 12:49:33,947 - FAQ - INFO -      - question:我的花呗怎么不好收钱的  - answer:我手机的收钱码不可以花呗收钱  - score:0.4444444444444444
2023-01-05 12:49:33,948 - API Server - INFO - >> response args: {'status': 200, 'answer': [{'question': '花呗怎么还款', 'answer': '我的花呗不知道咋还款的', 'score': '0.75'}, {'question': '花呗怎么还呐', 'answer': '在淘宝用花呗支付的，怎么还款', 'score': '0.75'}, {'question': '月底花呗怎么还', 'answer': '怎么样用花呗还款', 'score': '0.6'}, {'question': '我的花呗怎么没有的', 'answer': '我的账号花呗怎么没有', 'score': '0.5714285714285714'}, {'question': '我我的花呗怎么用不了', 'answer': '我这花呗都好久了怎么还不能用', 'score': '0.5'}, {'question': '借呗花呗怎么还款', 'answer': '拼多多用的花呗怎么还款', 'score': '0.5'}, {'question': '花吧怎么还钱', 'answer': '蚂蚁花呗这个还款怎么还', 'score': '0.5'}, {'question': '花呗怎么退款', 'answer': '花呗如何退货退款', 'score': '0.5'}, {'question': '花呗怎么解卡', 'answer': '解绑蚂蚁花呗的银行卡怎么解绑', 'score': '0.5'}, {'question': '我的花呗怎么不好收钱的', 'answer': '我手机的收钱码不可以花呗收钱', 'score': '0.4444444444444444'}]}
2023-01-05 12:49:33,949 - API Server - INFO - >> response time: 0.8295223712921143 sec
2023-01-05 12:49:33,949 - API Server - INFO - >>>>>>>>>>>>>>>>>>>>>>>>>>>>>>>>>> Service end >>>>>>>>>>>>>>>>>>>>>>>>>>>>>>>>>>

